Build started 19.05.2015 22:33:06.
     1>Project "D:\Coding\Projekte\TS3\Plugins\Extended Info Plugin\src\extended-info.vcxproj" on node 2 (Build target(s)).
     1>ClCompile:
         D:\Program Files (x86)\Microsoft Visual Studio 12.0\VC\bin\CL.exe /c /I../include /ZI /nologo /W3 /WX- /Od /Oy- /D WIN32 /D _DEBUG /D _WINDOWS /D _USRDLL /D TEST_PLUGIN_EXPORTS /D WINDOWS /D _WINDLL /D _UNICODE /D UNICODE /Gm /EHsc /RTC1 /MDd /GS /fp:precise /Zc:wchar_t /Zc:forScope /Fo"Debug\\" /Fd"Debug\vc120.pdb" /Gd /TC /analyze- /errorReport:prompt plugin.c
         plugin.c
     1>d:\coding\projekte\ts3\plugins\extended info plugin\src\plugin.c(217): warning C4133: 'function' : incompatible types - from 'int *' to 'anyID *'
     1>d:\coding\projekte\ts3\plugins\extended info plugin\src\plugin.c(228): warning C4244: '=' : conversion from 'double' to 'int', possible loss of data
     1>d:\coding\projekte\ts3\plugins\extended info plugin\src\plugin.c(237): warning C4996: 'localtime': This function or variable may be unsafe. Consider using localtime_s instead. To disable deprecation, use _CRT_SECURE_NO_WARNINGS. See online help for details.
                 d:\program files (x86)\microsoft visual studio 12.0\vc\include\time.inl(112) : see declaration of 'localtime'
     1>d:\coding\projekte\ts3\plugins\extended info plugin\src\plugin.c(241): warning C4996: 'strtok': This function or variable may be unsafe. Consider using strtok_s instead. To disable deprecation, use _CRT_SECURE_NO_WARNINGS. See online help for details.
                 d:\program files (x86)\microsoft visual studio 12.0\vc\include\string.h(204) : see declaration of 'strtok'
     1>d:\coding\projekte\ts3\plugins\extended info plugin\src\plugin.c(285): warning C4996: 'localtime': This function or variable may be unsafe. Consider using localtime_s instead. To disable deprecation, use _CRT_SECURE_NO_WARNINGS. See online help for details.
                 d:\program files (x86)\microsoft visual studio 12.0\vc\include\time.inl(112) : see declaration of 'localtime'
     1>d:\coding\projekte\ts3\plugins\extended info plugin\src\plugin.c(296): warning C4133: 'function' : incompatible types - from 'char **' to 'anyID **'
     1>d:\coding\projekte\ts3\plugins\extended info plugin\src\plugin.c(306): warning C4996: 'localtime': This function or variable may be unsafe. Consider using localtime_s instead. To disable deprecation, use _CRT_SECURE_NO_WARNINGS. See online help for details.
                 d:\program files (x86)\microsoft visual studio 12.0\vc\include\time.inl(112) : see declaration of 'localtime'
     1>d:\coding\projekte\ts3\plugins\extended info plugin\src\plugin.c(179): warning C4101: 'buf4' : unreferenced local variable
       Link:
         D:\Program Files (x86)\Microsoft Visual Studio 12.0\VC\bin\link.exe /ERRORREPORT:PROMPT /OUT:"..\bin\plugins\extended-info.dll" /INCREMENTAL /NOLOGO kernel32.lib user32.lib gdi32.lib winspool.lib comdlg32.lib advapi32.lib shell32.lib ole32.lib oleaut32.lib uuid.lib odbc32.lib odbccp32.lib /MANIFEST /MANIFESTUAC:"level='asInvoker' uiAccess='false'" /manifest:embed /DEBUG /PDB:"..\bin\plugins\extended-info.pdb" /SUBSYSTEM:WINDOWS /TLBID:1 /DYNAMICBASE:NO /IMPLIB:"..\bin\plugins\extended-info.lib" /MACHINE:X86 /SAFESEH /DLL Debug\plugin.obj
         LINK : ..\bin\plugins\extended-info.dll not found or not built by the last incremental link; performing full link
     1>plugin.obj : warning LNK4075: ignoring '/EDITANDCONTINUE' due to '/SAFESEH' specification
            Creating library ..\bin\plugins\extended-info.lib and object ..\bin\plugins\extended-info.exp
         extended-info.vcxproj -> D:\Coding\Projekte\TS3\Plugins\Extended Info Plugin\src\..\bin\plugins\extended-info.dll
     1>Done Building Project "D:\Coding\Projekte\TS3\Plugins\Extended Info Plugin\src\extended-info.vcxproj" (Build target(s)).

Build succeeded.

Time Elapsed 00:00:02.57
