Build started 23.11.2015 08:02:27.
     1>Project "D:\Coding\Projekte\TS3\Plugins\Extended Info Plugin\src\extended-info.vcxproj" on node 2 (Build target(s)).
     1>C:\Program Files (x86)\MSBuild\Microsoft.Cpp\v4.0\V120\Microsoft.CppBuild.targets(364,5): warning MSB8004: Output Directory does not end with a trailing slash.  This build instance will add the slash as it is required to allow proper evaluation of the Output Directory.
     1>ClCompile:
         D:\Program Files (x86)\Microsoft Visual Studio 12.0\VC\bin\x86_amd64\CL.exe /c /I../include /nologo /W3 /WX- /O2 /GL /D WIN32 /D NDEBUG /D _WINDOWS /D _USRDLL /D TEST_PLUGIN_EXPORTS /D WINDOWS /D _WINDLL /D _UNICODE /D UNICODE /Gm- /EHsc /MD /GS /fp:precise /Zc:wchar_t /Zc:forScope /Fo"x64\Release\\" /Fd"x64\Release\vc120.pdb" /Gd /TC /errorReport:prompt plugin.c
         plugin.c
     1>plugin.c(225): warning C4133: 'function' : incompatible types - from 'int *' to 'anyID *'
     1>plugin.c(236): warning C4244: '=' : conversion from 'double' to 'int', possible loss of data
     1>plugin.c(245): warning C4996: 'localtime': This function or variable may be unsafe. Consider using localtime_s instead. To disable deprecation, use _CRT_SECURE_NO_WARNINGS. See online help for details.
                 D:\Program Files (x86)\Microsoft Visual Studio 12.0\VC\include\time.inl(112) : see declaration of 'localtime'
     1>plugin.c(249): warning C4996: 'strtok': This function or variable may be unsafe. Consider using strtok_s instead. To disable deprecation, use _CRT_SECURE_NO_WARNINGS. See online help for details.
                 D:\Program Files (x86)\Microsoft Visual Studio 12.0\VC\include\string.h(204) : see declaration of 'strtok'
     1>plugin.c(302): warning C4996: 'localtime': This function or variable may be unsafe. Consider using localtime_s instead. To disable deprecation, use _CRT_SECURE_NO_WARNINGS. See online help for details.
                 D:\Program Files (x86)\Microsoft Visual Studio 12.0\VC\include\time.inl(112) : see declaration of 'localtime'
     1>plugin.c(356): warning C4996: 'localtime': This function or variable may be unsafe. Consider using localtime_s instead. To disable deprecation, use _CRT_SECURE_NO_WARNINGS. See online help for details.
                 D:\Program Files (x86)\Microsoft Visual Studio 12.0\VC\include\time.inl(112) : see declaration of 'localtime'
     1>plugin.c(429): warning C4047: '=' : 'unsigned int' differs in levels of indirection from 'void *'
     1>plugin.c(432): warning C4047: '=' : 'unsigned int' differs in levels of indirection from 'void *'
     1>plugin.c(435): warning C4047: '=' : 'unsigned int' differs in levels of indirection from 'void *'
     1>plugin.c(439): warning C4047: '=' : 'unsigned int' differs in levels of indirection from 'void *'
     1>plugin.c(205): warning C4101: 'queries' : unreferenced local variable
     1>plugin.c(184): warning C4101: 'buf4' : unreferenced local variable
       Link:
         D:\Program Files (x86)\Microsoft Visual Studio 12.0\VC\bin\x86_amd64\link.exe /ERRORREPORT:PROMPT /OUT:"D:\Program Files\Teamspeak 3 TestClient\plugins\extended-info_x64.dll" /INCREMENTAL:NO /NOLOGO kernel32.lib user32.lib gdi32.lib winspool.lib comdlg32.lib advapi32.lib shell32.lib ole32.lib oleaut32.lib uuid.lib odbc32.lib odbccp32.lib /MANIFEST /MANIFESTUAC:"level='asInvoker' uiAccess='false'" /manifest:embed /PDB:"D:\Program Files\Teamspeak 3 TestClient\plugins\extended-info_x64.pdb" /SUBSYSTEM:WINDOWS /OPT:REF /OPT:ICF /LTCG /TLBID:1 /DYNAMICBASE:NO /IMPLIB:"D:\Program Files\Teamspeak 3 TestClient\plugins\extended-info_x64.lib" /MACHINE:X64 /DLL x64\Release\plugin.obj
            Creating library D:\Program Files\Teamspeak 3 TestClient\plugins\extended-info_x64.lib and object D:\Program Files\Teamspeak 3 TestClient\plugins\extended-info_x64.exp
         Generating code
         Finished generating code
         extended-info.vcxproj -> D:\Program Files\Teamspeak 3 TestClient\plugins\extended-info_x64.dll
     1>Done Building Project "D:\Coding\Projekte\TS3\Plugins\Extended Info Plugin\src\extended-info.vcxproj" (Build target(s)).

Build succeeded.

Time Elapsed 00:00:02.02
