Build started 10.09.2015 21:58:11.
     1>Project "D:\Coding\Projekte\TS3\Plugins\Extended Info Plugin\src\extended-info.vcxproj" on node 2 (Build target(s)).
     1>ClCompile:
         D:\Program Files (x86)\Microsoft Visual Studio 12.0\VC\bin\x86_amd64\CL.exe /c /I../include /Zi /nologo /W3 /WX- /Od /D WIN32 /D _DEBUG /D _WINDOWS /D _USRDLL /D TEST_PLUGIN_EXPORTS /D WINDOWS /D _WINDLL /D _UNICODE /D UNICODE /Gm- /EHsc /RTC1 /MDd /GS /fp:precise /Zc:wchar_t /Zc:forScope /Fo"x64\Debug\\" /Fd"x64\Debug\vc120.pdb" /Gd /TC /errorReport:prompt plugin.c
         plugin.c
     1>plugin.c(217): warning C4133: 'function' : incompatible types - from 'int *' to 'anyID *'
     1>plugin.c(228): warning C4244: '=' : conversion from 'double' to 'int', possible loss of data
     1>plugin.c(237): warning C4996: 'localtime': This function or variable may be unsafe. Consider using localtime_s instead. To disable deprecation, use _CRT_SECURE_NO_WARNINGS. See online help for details.
                 D:\Program Files (x86)\Microsoft Visual Studio 12.0\VC\include\time.inl(112) : see declaration of 'localtime'
     1>plugin.c(241): warning C4996: 'strtok': This function or variable may be unsafe. Consider using strtok_s instead. To disable deprecation, use _CRT_SECURE_NO_WARNINGS. See online help for details.
                 D:\Program Files (x86)\Microsoft Visual Studio 12.0\VC\include\string.h(204) : see declaration of 'strtok'
     1>plugin.c(294): warning C4996: 'localtime': This function or variable may be unsafe. Consider using localtime_s instead. To disable deprecation, use _CRT_SECURE_NO_WARNINGS. See online help for details.
                 D:\Program Files (x86)\Microsoft Visual Studio 12.0\VC\include\time.inl(112) : see declaration of 'localtime'
     1>plugin.c(330): warning C4996: 'localtime': This function or variable may be unsafe. Consider using localtime_s instead. To disable deprecation, use _CRT_SECURE_NO_WARNINGS. See online help for details.
                 D:\Program Files (x86)\Microsoft Visual Studio 12.0\VC\include\time.inl(112) : see declaration of 'localtime'
     1>plugin.c(197): warning C4101: 'queries' : unreferenced local variable
     1>plugin.c(179): warning C4101: 'buf4' : unreferenced local variable
       Link:
         D:\Program Files (x86)\Microsoft Visual Studio 12.0\VC\bin\x86_amd64\link.exe /ERRORREPORT:PROMPT /OUT:"D:\Coding\Projekte\TS3\Plugins\Extended Info Plugin\src\x64\Debug\extended-info.dll" /INCREMENTAL /NOLOGO kernel32.lib user32.lib gdi32.lib winspool.lib comdlg32.lib advapi32.lib shell32.lib ole32.lib oleaut32.lib uuid.lib odbc32.lib odbccp32.lib /MANIFEST /MANIFESTUAC:"level='asInvoker' uiAccess='false'" /manifest:embed /DEBUG /PDB:"D:\Coding\Projekte\TS3\Plugins\Extended Info Plugin\src\x64\Debug\extended-info.pdb" /SUBSYSTEM:WINDOWS /TLBID:1 /DYNAMICBASE:NO /IMPLIB:"D:\Coding\Projekte\TS3\Plugins\Extended Info Plugin\src\x64\Debug\extended-info.lib" /MACHINE:X64 /DLL x64\Debug\plugin.obj
            Creating library D:\Coding\Projekte\TS3\Plugins\Extended Info Plugin\src\x64\Debug\extended-info.lib and object D:\Coding\Projekte\TS3\Plugins\Extended Info Plugin\src\x64\Debug\extended-info.exp
         extended-info.vcxproj -> D:\Coding\Projekte\TS3\Plugins\Extended Info Plugin\src\x64\Debug\extended-info.dll
     1>Done Building Project "D:\Coding\Projekte\TS3\Plugins\Extended Info Plugin\src\extended-info.vcxproj" (Build target(s)).

Build succeeded.

Time Elapsed 00:00:03.81
